588  DEBUG [2014-04-07 23:49:49]  Expires:Thu, 01 Jan 1970 00:00:00 GMT
588  DEBUG [2014-04-07 23:49:49]  Api-Server-IP:10.75.25.86
590  DEBUG [2014-04-07 23:49:49]  {"access_token":"2.00jMriRE0Pbbpx7cec93f6c2CcpZKB","remind_in":"7787427","expires_in":7787427,"uid":"3926419993"}

0    INFO  [2014-04-07 23:50:14]  code: 7c1a49b8f2057c6fb3e4286cacef4e74
113  DEBUG [2014-04-07 23:50:14]  Request:
113  DEBUG [2014-04-07 23:50:14]  POSThttps://api.weibo.com/oauth2/access_token
592  DEBUG [2014-04-07 23:50:15]  Response:
592  DEBUG [2014-04-07 23:50:15]  https StatusCode:200
592  DEBUG [2014-04-07 23:50:15]  Server:nginx/1.2.0
592  DEBUG [2014-04-07 23:50:15]  Date:Mon, 07 Apr 2014 15:49:59 GMT
592  DEBUG [2014-04-07 23:50:15]  Content-Type:text/plain;charset=UTF-8
592  DEBUG [2014-04-07 23:50:15]  Content-Length:113
593  DEBUG [2014-04-07 23:50:15]  Connection:keep-alive
593  DEBUG [2014-04-07 23:50:15]  Pragma:No-cache
593  DEBUG [2014-04-07 23:50:15]  Cache-Control:no-cache
593  DEBUG [2014-04-07 23:50:15]  Expires:Thu, 01 Jan 1970 00:00:00 GMT
593  DEBUG [2014-04-07 23:50:15]  Api-Server-IP:10.75.2.83
595  DEBUG [2014-04-07 23:50:15]  {"access_token":"2.001ePwRE0Pbbpxcef6fe7afeDKwrXB","remind_in":"7787400","expires_in":7787400,"uid":"3929612224"}

0    INFO  [2014-04-07 23:50:39]  code: c30d0a796fc352c8376ac8804fa319b3
111  DEBUG [2014-04-07 23:50:39]  Request:
111  DEBUG [2014-04-07 23:50:39]  POSThttps://api.weibo.com/oauth2/access_token
605  DEBUG [2014-04-07 23:50:39]  Response:
605  DEBUG [2014-04-07 23:50:39]  https StatusCode:200
605  DEBUG [2014-04-07 23:50:39]  Server:nginx/1.2.0
605  DEBUG [2014-04-07 23:50:39]  Date:Mon, 07 Apr 2014 15:50:24 GMT
605  DEBUG [2014-04-07 23:50:39]  Content-Type:text/plain;charset=UTF-8
605  DEBUG [2014-04-07 23:50:39]  Content-Length:113
605  DEBUG [2014-04-07 23:50:39]  Connection:keep-alive
605  DEBUG [2014-04-07 23:50:39]  Pragma:No-cache
605  DEBUG [2014-04-07 23:50:39]  Cache-Control:no-cache
605  DEBUG [2014-04-07 23:50:39]  Expires:Thu, 01 Jan 1970 00:00:00 GMT
606  DEBUG [2014-04-07 23:50:39]  Api-Server-IP:10.75.2.82
608  DEBUG [2014-04-07 23:50:40]  {"access_token":"2.00dg6yRE0Pbbpx1305036e4b2_wrPE","remind_in":"7787376","expires_in":7787376,"uid":"3930127463"}

0    INFO  [2014-04-07 23:51:05]  code: df7a0f26651df4d492526a5a968d423f
111  DEBUG [2014-04-07 23:51:05]  Request:
111  DEBUG [2014-04-07 23:51:05]  POSThttps://api.weibo.com/oauth2/access_token
625  DEBUG [2014-04-07 23:51:05]  Response:
625  DEBUG [2014-04-07 23:51:05]  https StatusCode:200
625  DEBUG [2014-04-07 23:51:05]  Server:nginx/1.2.0
625  DEBUG [2014-04-07 23:51:05]  Date:Mon, 07 Apr 2014 15:50:49 GMT
625  DEBUG [2014-04-07 23:51:05]  Content-Type:text/plain;charset=UTF-8
625  DEBUG [2014-04-07 23:51:05]  Content-Length:113
625  DEBUG [2014-04-07 23:51:05]  Connection:keep-alive
625  DEBUG [2014-04-07 23:51:05]  Pragma:No-cache
625  DEBUG [2014-04-07 23:51:05]  Cache-Control:no-cache
626  DEBUG [2014-04-07 23:51:05]  Expires:Thu, 01 Jan 1970 00:00:00 GMT
626  DEBUG [2014-04-07 23:51:05]  Api-Server-IP:10.75.2.82
627  DEBUG [2014-04-07 23:51:05]  {"access_token":"2.00ke76RE0Pbbpx3b79bd7b1406DBD2","remind_in":"7787350","expires_in":7787350,"uid":"3921789710"}

0    INFO  [2014-04-07 23:51:30]  code: fdfec912c5e984ad280e685f54edd798
110  DEBUG [2014-04-07 23:51:30]  Request:
110  DEBUG [2014-04-07 23:51:30]  POSThttps://api.weibo.com/oauth2/access_token
595  DEBUG [2014-04-07 23:51:30]  Response:
595  DEBUG [2014-04-07 23:51:30]  https StatusCode:200
595  DEBUG [2014-04-07 23:51:30]  Server:nginx/1.2.0
595  DEBUG [2014-04-07 23:51:30]  Date:Mon, 07 Apr 2014 15:51:14 GMT
595  DEBUG [2014-04-07 23:51:30]  Content-Type:text/plain;charset=UTF-8
595  DEBUG [2014-04-07 23:51:30]  Content-Length:113
595  DEBUG [2014-04-07 23:51:30]  Connection:keep-alive
596  DEBUG [2014-04-07 23:51:30]  Pragma:No-cache
596  DEBUG [2014-04-07 23:51:30]  Cache-Control:no-cache
596  DEBUG [2014-04-07 23:51:30]  Expires:Thu, 01 Jan 1970 00:00:00 GMT
596  DEBUG [2014-04-07 23:51:30]  Api-Server-IP:10.75.2.82
599  DEBUG [2014-04-07 23:51:30]  {"access_token":"2.00HfNxRE0Pbbpx9c0251dc820NW5DV","remind_in":"7787325","expires_in":7787325,"uid":"3929842913"}

0    INFO  [2014-04-07 23:51:52]  code: 8411c33c86d15ef635a5aae547928d95
122  DEBUG [2014-04-07 23:51:53]  Request:
122  DEBUG [2014-04-07 23:51:53]  POSThttps://api.weibo.com/oauth2/access_token
620  DEBUG [2014-04-07 23:51:53]  Response:
620  DEBUG [2014-04-07 23:51:53]  https StatusCode:200
620  DEBUG [2014-04-07 23:51:53]  Server:nginx/1.2.0
620  DEBUG [2014-04-07 23:51:53]  Date:Mon, 07 Apr 2014 15:51:37 GMT
620  DEBUG [2014-04-07 23:51:53]  Content-Type:text/plain;charset=UTF-8
620  DEBUG [2014-04-07 23:51:53]  Content-Length:113
620  DEBUG [2014-04-07 23:51:53]  Connection:keep-alive
620  DEBUG [2014-04-07 23:51:53]  Pragma:No-cache
620  DEBUG [2014-04-07 23:51:53]  Cache-Control:no-cache
620  DEBUG [2014-04-07 23:51:53]  Expires:Thu, 01 Jan 1970 00:00:00 GMT
620  DEBUG [2014-04-07 23:51:53]  Api-Server-IP:10.75.2.83
622  DEBUG [2014-04-07 23:51:53]  {"access_token":"2.00V7pjRE0Pbbpxad77b04f4a0qnHNp","remind_in":"7787301","expires_in":7787301,"uid":"3926651487"}

0    INFO  [2014-04-07 23:52:16]  code: 33f64af3d5c6f6094986fe7e895a8f69
108  DEBUG [2014-04-07 23:52:17]  Request:
108  DEBUG [2014-04-07 23:52:17]  POSThttps://api.weibo.com/oauth2/access_token
594  DEBUG [2014-04-07 23:52:17]  Response:
594  DEBUG [2014-04-07 23:52:17]  https StatusCode:200
594  DEBUG [2014-04-07 23:52:17]  Server:nginx/1.2.0
594  DEBUG [2014-04-07 23:52:17]  Date:Mon, 07 Apr 2014 15:52:01 GMT
595  DEBUG [2014-04-07 23:52:17]  Content-Type:text/plain;charset=UTF-8
595  DEBUG [2014-04-07 23:52:17]  Content-Length:113
595  DEBUG [2014-04-07 23:52:17]  Connection:keep-alive
595  DEBUG [2014-04-07 23:52:17]  Pragma:No-cache
595  DEBUG [2014-04-07 23:52:17]  Cache-Control:no-cache
595  DEBUG [2014-04-07 23:52:17]  Expires:Thu, 01 Jan 1970 00:00:00 GMT
595  DEBUG [2014-04-07 23:52:17]  Api-Server-IP:10.75.25.115
599  DEBUG [2014-04-07 23:52:17]  {"access_token":"2.00fnPTQE0Pbbpx084785101dX8V9zD","remind_in":"7787278","expires_in":7787278,"uid":"3907924955"}

0    INFO  [2014-04-07 23:52:42]  code: c9686533c2685266c6431c5484980910
110  DEBUG [2014-04-07 23:52:42]  Request:
110  DEBUG [2014-04-07 23:52:42]  POSThttps://api.weibo.com/oauth2/access_token
591  DEBUG [2014-04-07 23:52:43]  Response:
591  DEBUG [2014-04-07 23:52:43]  https StatusCode:200
591  DEBUG [2014-04-07 23:52:43]  Server:nginx/1.2.0
591  DEBUG [2014-04-07 23:52:43]  Date:Mon, 07 Apr 2014 15:52:27 GMT
591  DEBUG [2014-04-07 23:52:43]  Content-Type:text/plain;charset=UTF-8
591  DEBUG [2014-04-07 23:52:43]  Content-Length:113
591  DEBUG [2014-04-07 23:52:43]  Connection:keep-alive
591  DEBUG [2014-04-07 23:52:43]  Pragma:No-cache
591  DEBUG [2014-04-07 23:52:43]  Cache-Control:no-cache
591  DEBUG [2014-04-07 23:52:43]  Expires:Thu, 01 Jan 1970 00:00:00 GMT
591  DEBUG [2014-04-07 23:52:43]  Api-Server-IP:10.75.2.83
594  DEBUG [2014-04-07 23:52:43]  {"access_token":"2.00Ve76RE0Pbbpxaa3123da50EEuICD","remind_in":"7787252","expires_in":7787252,"uid":"3921789695"}

0    INFO  [2014-04-08 20:02:34]  code: b158f93628c400bf35cbd2eb8b9ee7d7
114  DEBUG [2014-04-08 20:02:35]  Request:
114  DEBUG [2014-04-08 20:02:35]  POSThttps://api.weibo.com/oauth2/access_token
658  DEBUG [2014-04-08 20:02:35]  Response:
658  DEBUG [2014-04-08 20:02:35]  https StatusCode:200
658  DEBUG [2014-04-08 20:02:35]  Server:nginx/1.2.0
658  DEBUG [2014-04-08 20:02:35]  Date:Tue, 08 Apr 2014 12:02:20 GMT
658  DEBUG [2014-04-08 20:02:35]  Content-Type:text/plain;charset=UTF-8
659  DEBUG [2014-04-08 20:02:35]  Content-Length:113
659  DEBUG [2014-04-08 20:02:35]  Connection:keep-alive
659  DEBUG [2014-04-08 20:02:35]  Pragma:No-cache
659  DEBUG [2014-04-08 20:02:35]  Cache-Control:no-cache
659  DEBUG [2014-04-08 20:02:35]  Expires:Thu, 01 Jan 1970 00:00:00 GMT
659  DEBUG [2014-04-08 20:02:35]  Api-Server-IP:10.75.25.86
661  DEBUG [2014-04-08 20:02:35]  {"access_token":"2.00WIr9ZF0Pbbpxe7782b185b42hAHC","remind_in":"7801060","expires_in":7801060,"uid":"5104713364"}

0    INFO  [2014-04-08 21:36:18]  code: 2e069a92803be3c84f41ef6f0855b9c2
115  DEBUG [2014-04-08 21:36:19]  Request:
115  DEBUG [2014-04-08 21:36:19]  POSThttps://api.weibo.com/oauth2/access_token
886  DEBUG [2014-04-08 21:36:19]  Response:
887  DEBUG [2014-04-08 21:36:19]  https StatusCode:200
887  DEBUG [2014-04-08 21:36:19]  Server:nginx/1.2.0
887  DEBUG [2014-04-08 21:36:19]  Date:Tue, 08 Apr 2014 13:36:04 GMT
887  DEBUG [2014-04-08 21:36:19]  Content-Type:text/plain;charset=UTF-8
887  DEBUG [2014-04-08 21:36:19]  Content-Length:113
887  DEBUG [2014-04-08 21:36:19]  Connection:keep-alive
887  DEBUG [2014-04-08 21:36:19]  Pragma:No-cache
887  DEBUG [2014-04-08 21:36:19]  Cache-Control:no-cache
888  DEBUG [2014-04-08 21:36:19]  Expires:Thu, 01 Jan 1970 00:00:00 GMT
888  DEBUG [2014-04-08 21:36:19]  Api-Server-IP:10.73.89.47
892  DEBUG [2014-04-08 21:36:19]  {"access_token":"2.00vDEGZF0Pbbpx9f385171790DFEA5","remind_in":"7795438","expires_in":7795438,"uid":"5099281507"}

0    INFO  [2014-04-08 21:44:36]  code: e4cb43ad95c12d5145003f668d26635e
114  DEBUG [2014-04-08 21:44:36]  Request:
115  DEBUG [2014-04-08 21:44:36]  POSThttps://api.weibo.com/oauth2/access_token
876  DEBUG [2014-04-08 21:44:37]  Response:
876  DEBUG [2014-04-08 21:44:37]  https StatusCode:200
876  DEBUG [2014-04-08 21:44:37]  Server:nginx/1.2.0
877  DEBUG [2014-04-08 21:44:37]  Date:Tue, 08 Apr 2014 13:44:22 GMT
877  DEBUG [2014-04-08 21:44:37]  Content-Type:text/plain;charset=UTF-8
877  DEBUG [2014-04-08 21:44:37]  Content-Length:113
877  DEBUG [2014-04-08 21:44:37]  Connection:keep-alive
877  DEBUG [2014-04-08 21:44:37]  Pragma:No-cache
877  DEBUG [2014-04-08 21:44:37]  Cache-Control:no-cache
877  DEBUG [2014-04-08 21:44:37]  Expires:Thu, 01 Jan 1970 00:00:00 GMT
877  DEBUG [2014-04-08 21:44:37]  Api-Server-IP:10.75.25.114
881  DEBUG [2014-04-08 21:44:37]  {"access_token":"2.00VavGZF0Pbbpx4b89c3a6c4r5obEE","remind_in":"7794937","expires_in":7794937,"uid":"5099487259"}

0    INFO  [2014-04-08 21:54:09]  code: 83d5e47aba43e417104b33ede5db6841
127  DEBUG [2014-04-08 21:54:09]  Request:
127  DEBUG [2014-04-08 21:54:09]  POSThttps://api.weibo.com/oauth2/access_token
893  DEBUG [2014-04-08 21:54:10]  Response:
893  DEBUG [2014-04-08 21:54:10]  https StatusCode:200
893  DEBUG [2014-04-08 21:54:10]  Server:nginx/1.2.0
893  DEBUG [2014-04-08 21:54:10]  Date:Tue, 08 Apr 2014 13:53:54 GMT
894  DEBUG [2014-04-08 21:54:10]  Content-Type:text/plain;charset=UTF-8
894  DEBUG [2014-04-08 21:54:10]  Content-Length:113
894  DEBUG [2014-04-08 21:54:10]  Connection:keep-alive
894  DEBUG [2014-04-08 21:54:10]  Pragma:No-cache
894  DEBUG [2014-04-08 21:54:10]  Cache-Control:no-cache
894  DEBUG [2014-04-08 21:54:10]  Expires:Thu, 01 Jan 1970 00:00:00 GMT
894  DEBUG [2014-04-08 21:54:10]  Api-Server-IP:10.73.89.47
896  DEBUG [2014-04-08 21:54:10]  {"access_token":"2.00Fey9ZF0Pbbpx5fcf2d839eODHUQE","remind_in":"7794368","expires_in":7794368,"uid":"5104742229"}

0    INFO  [2014-04-08 22:05:30]  code: d2e8ce305b53558afa8f03ec804a438c
133  DEBUG [2014-04-08 22:05:30]  Request:
133  DEBUG [2014-04-08 22:05:30]  POSThttps://api.weibo.com/oauth2/access_token
909  DEBUG [2014-04-08 22:05:30]  Response:
909  DEBUG [2014-04-08 22:05:30]  https StatusCode:200
910  DEBUG [2014-04-08 22:05:30]  Server:nginx/1.2.0
910  DEBUG [2014-04-08 22:05:30]  Date:Tue, 08 Apr 2014 14:05:15 GMT
910  DEBUG [2014-04-08 22:05:30]  Content-Type:text/plain;charset=UTF-8
910  DEBUG [2014-04-08 22:05:30]  Content-Length:113
910  DEBUG [2014-04-08 22:05:30]  Connection:keep-alive
911  DEBUG [2014-04-08 22:05:30]  Pragma:No-cache
911  DEBUG [2014-04-08 22:05:30]  Cache-Control:no-cache
911  DEBUG [2014-04-08 22:05:30]  Expires:Thu, 01 Jan 1970 00:00:00 GMT
911  DEBUG [2014-04-08 22:05:30]  Api-Server-IP:10.73.89.48
915  DEBUG [2014-04-08 22:05:30]  {"access_token":"2.00FxFGZF0Pbbpxc641f7e2ca0v2ZUk","remind_in":"7793686","expires_in":7793686,"uid":"5099288771"}

0    INFO  [2014-04-08 22:10:05]  code: 316ace0af5161d1d14e7f030f50938f0
119  DEBUG [2014-04-08 22:10:05]  Request:
119  DEBUG [2014-04-08 22:10:05]  POSThttps://api.weibo.com/oauth2/access_token
909  DEBUG [2014-04-08 22:10:06]  Response:
909  DEBUG [2014-04-08 22:10:06]  https StatusCode:200
909  DEBUG [2014-04-08 22:10:06]  Server:nginx/1.2.0
910  DEBUG [2014-04-08 22:10:06]  Date:Tue, 08 Apr 2014 14:09:50 GMT
910  DEBUG [2014-04-08 22:10:06]  Content-Type:text/plain;charset=UTF-8
910  DEBUG [2014-04-08 22:10:06]  Content-Length:113
910  DEBUG [2014-04-08 22:10:06]  Connection:keep-alive
910  DEBUG [2014-04-08 22:10:06]  Pragma:No-cache
910  DEBUG [2014-04-08 22:10:06]  Cache-Control:no-cache
910  DEBUG [2014-04-08 22:10:06]  Expires:Thu, 01 Jan 1970 00:00:00 GMT
910  DEBUG [2014-04-08 22:10:06]  Api-Server-IP:10.75.25.114
914  DEBUG [2014-04-08 22:10:06]  {"access_token":"2.00ZO4eZF0Pbbpx4f622bb763CkWznB","remind_in":"7793409","expires_in":7793409,"uid":"5107458355"}

0    INFO  [2014-04-08 22:13:21]  code: 9d1f2cc465bb97aca3ae7b79b8c49384
124  DEBUG [2014-04-08 22:13:21]  Request:
124  DEBUG [2014-04-08 22:13:21]  POSThttps://api.weibo.com/oauth2/access_token
0    INFO  [2014-04-08 22:13:32]  code: 3e59e06d87612cdefbefe7b20cbbf41e
116  DEBUG [2014-04-08 22:13:32]  Request:
117  DEBUG [2014-04-08 22:13:32]  POSThttps://api.weibo.com/oauth2/access_token
892  DEBUG [2014-04-08 22:13:32]  Response:
892  DEBUG [2014-04-08 22:13:32]  https StatusCode:200
892  DEBUG [2014-04-08 22:13:32]  Server:nginx/1.2.0
892  DEBUG [2014-04-08 22:13:32]  Date:Tue, 08 Apr 2014 14:13:17 GMT
892  DEBUG [2014-04-08 22:13:32]  Content-Type:text/plain;charset=UTF-8
892  DEBUG [2014-04-08 22:13:32]  Content-Length:113
892  DEBUG [2014-04-08 22:13:32]  Connection:keep-alive
892  DEBUG [2014-04-08 22:13:32]  Pragma:No-cache
892  DEBUG [2014-04-08 22:13:32]  Cache-Control:no-cache
892  DEBUG [2014-04-08 22:13:32]  Expires:Thu, 01 Jan 1970 00:00:00 GMT
892  DEBUG [2014-04-08 22:13:32]  Api-Server-IP:10.75.2.82
895  DEBUG [2014-04-08 22:13:32]  {"access_token":"2.00cX4eZF0Pbbpx4cbbd809abMuBusD","remind_in":"7793202","expires_in":7793202,"uid":"5107459536"}

0    INFO  [2014-04-09 19:44:42]  code: 2b32d8596662ea4c462e931b2440dcff
118  DEBUG [2014-04-09 19:44:42]  Request:
118  DEBUG [2014-04-09 19:44:42]  POSThttps://api.weibo.com/oauth2/access_token
562  DEBUG [2014-04-09 19:44:42]  Response:
562  DEBUG [2014-04-09 19:44:42]  https StatusCode:200
562  DEBUG [2014-04-09 19:44:42]  Server:nginx/1.2.0
562  DEBUG [2014-04-09 19:44:42]  Date:Wed, 09 Apr 2014 11:44:26 GMT
562  DEBUG [2014-04-09 19:44:42]  Content-Type:text/plain;charset=UTF-8
562  DEBUG [2014-04-09 19:44:42]  Content-Length:113
562  DEBUG [2014-04-09 19:44:42]  Connection:keep-alive
562  DEBUG [2014-04-09 19:44:42]  Pragma:No-cache
562  DEBUG [2014-04-09 19:44:42]  Cache-Control:no-cache
562  DEBUG [2014-04-09 19:44:42]  Expires:Thu, 01 Jan 1970 00:00:00 GMT
563  DEBUG [2014-04-09 19:44:42]  Api-Server-IP:10.75.2.82
565  DEBUG [2014-04-09 19:44:42]  {"access_token":"2.00qA6fZF0Pbbpx8cbc03ad6fKB6ZLD","remind_in":"7802133","expires_in":7802133,"uid":"5107703520"}

0    INFO  [2014-04-09 19:51:13]  code: ae50cd1c1313ee2f6632b18f5986b771
115  DEBUG [2014-04-09 19:51:13]  Request:
115  DEBUG [2014-04-09 19:51:13]  POSThttps://api.weibo.com/oauth2/access_token
1158 DEBUG [2014-04-09 19:51:14]  Response:
1158 DEBUG [2014-04-09 19:51:14]  https StatusCode:200
1158 DEBUG [2014-04-09 19:51:14]  Server:nginx/1.2.0
1158 DEBUG [2014-04-09 19:51:14]  Date:Wed, 09 Apr 2014 11:50:58 GMT
1158 DEBUG [2014-04-09 19:51:14]  Content-Type:text/plain;charset=UTF-8
1158 DEBUG [2014-04-09 19:51:14]  Content-Length:113
1158 DEBUG [2014-04-09 19:51:14]  Connection:keep-alive
1159 DEBUG [2014-04-09 19:51:14]  Pragma:No-cache
1159 DEBUG [2014-04-09 19:51:14]  Cache-Control:no-cache
1159 DEBUG [2014-04-09 19:51:14]  Expires:Thu, 01 Jan 1970 00:00:00 GMT
1159 DEBUG [2014-04-09 19:51:14]  Api-Server-IP:10.75.25.115
1163 DEBUG [2014-04-09 19:51:14]  {"access_token":"2.007sBUZF0Pbbpx160884c6096Nh42B","remind_in":"7801741","expires_in":7801741,"uid":"5104992978"}

0    INFO  [2014-04-09 20:56:51]  code: 90ac5effb3ce52ad9285305abddd813f
154  DEBUG [2014-04-09 20:56:52]  Request:
154  DEBUG [2014-04-09 20:56:52]  POSThttps://api.weibo.com/oauth2/access_token
1188 DEBUG [2014-04-09 20:56:53]  Response:
1188 DEBUG [2014-04-09 20:56:53]  https StatusCode:200
1189 DEBUG [2014-04-09 20:56:53]  Server:nginx/1.2.0
1189 DEBUG [2014-04-09 20:56:53]  Date:Wed, 09 Apr 2014 12:56:37 GMT
1189 DEBUG [2014-04-09 20:56:53]  Content-Type:text/plain;charset=UTF-8
1189 DEBUG [2014-04-09 20:56:53]  Content-Length:113
1189 DEBUG [2014-04-09 20:56:53]  Connection:keep-alive
1189 DEBUG [2014-04-09 20:56:53]  Pragma:No-cache
1189 DEBUG [2014-04-09 20:56:53]  Cache-Control:no-cache
1189 DEBUG [2014-04-09 20:56:53]  Expires:Thu, 01 Jan 1970 00:00:00 GMT
1189 DEBUG [2014-04-09 20:56:53]  Api-Server-IP:10.73.89.46
1191 DEBUG [2014-04-09 20:56:53]  {"access_token":"2.00ejTfZF0Pbbpx3bdc63772aBbIR7D","remind_in":"7797805","expires_in":7797805,"uid":"5107721674"}

0    INFO  [2014-04-09 21:04:37]  code: 23bb19ff300487e199cd3f4083b65faf
115  DEBUG [2014-04-09 21:04:37]  Request:
115  DEBUG [2014-04-09 21:04:37]  POSThttps://api.weibo.com/oauth2/access_token
1113 DEBUG [2014-04-09 21:04:38]  Response:
1113 DEBUG [2014-04-09 21:04:38]  https StatusCode:200
1113 DEBUG [2014-04-09 21:04:38]  Server:nginx/1.2.0
1113 DEBUG [2014-04-09 21:04:38]  Date:Wed, 09 Apr 2014 13:04:22 GMT
1113 DEBUG [2014-04-09 21:04:38]  Content-Type:text/plain;charset=UTF-8
1113 DEBUG [2014-04-09 21:04:38]  Content-Length:113
1113 DEBUG [2014-04-09 21:04:38]  Connection:keep-alive
1113 DEBUG [2014-04-09 21:04:38]  Pragma:No-cache
1114 DEBUG [2014-04-09 21:04:38]  Cache-Control:no-cache
1114 DEBUG [2014-04-09 21:04:38]  Expires:Thu, 01 Jan 1970 00:00:00 GMT
1114 DEBUG [2014-04-09 21:04:38]  Api-Server-IP:10.75.2.83
1118 DEBUG [2014-04-09 21:04:38]  {"access_token":"2.00yq94ZF0Pbbpxfa3713bcb1Q9b3TC","remind_in":"7797337","expires_in":7797337,"uid":"5103428380"}

0    INFO  [2014-04-09 21:07:50]  code: 32a877c460c70ad5db669fc555fe8a0a
111  DEBUG [2014-04-09 21:07:50]  Request:
111  DEBUG [2014-04-09 21:07:50]  POSThttps://api.weibo.com/oauth2/access_token
837  DEBUG [2014-04-09 21:07:51]  Response:
838  DEBUG [2014-04-09 21:07:51]  https StatusCode:200
838  DEBUG [2014-04-09 21:07:51]  Server:nginx/1.2.0
838  DEBUG [2014-04-09 21:07:51]  Date:Wed, 09 Apr 2014 13:07:34 GMT
838  DEBUG [2014-04-09 21:07:51]  Content-Type:text/plain;charset=UTF-8
838  DEBUG [2014-04-09 21:07:51]  Content-Length:113
839  DEBUG [2014-04-09 21:07:51]  Connection:keep-alive
839  DEBUG [2014-04-09 21:07:51]  Pragma:No-cache
839  DEBUG [2014-04-09 21:07:51]  Cache-Control:no-cache
839  DEBUG [2014-04-09 21:07:51]  Expires:Thu, 01 Jan 1970 00:00:00 GMT
839  DEBUG [2014-04-09 21:07:51]  Api-Server-IP:10.73.89.47
843  DEBUG [2014-04-09 21:07:51]  {"access_token":"2.00jIHUZF0Pbbpx80c307185a0Ep88e","remind_in":"7797148","expires_in":7797148,"uid":"5105013209"}

0    INFO  [2014-04-09 21:13:44]  code: 20691b5fb06035e66fd474c90b88f2ed
120  DEBUG [2014-04-09 21:13:44]  Request:
120  DEBUG [2014-04-09 21:13:44]  POSThttps://api.weibo.com/oauth2/access_token
815  DEBUG [2014-04-09 21:13:45]  Response:
816  DEBUG [2014-04-09 21:13:45]  https StatusCode:200
816  DEBUG [2014-04-09 21:13:45]  Server:nginx/1.2.0
816  DEBUG [2014-04-09 21:13:45]  Date:Wed, 09 Apr 2014 13:13:29 GMT
816  DEBUG [2014-04-09 21:13:45]  Content-Type:text/plain;charset=UTF-8
816  DEBUG [2014-04-09 21:13:45]  Content-Length:113
816  DEBUG [2014-04-09 21:13:45]  Connection:keep-alive
817  DEBUG [2014-04-09 21:13:45]  Pragma:No-cache
817  DEBUG [2014-04-09 21:13:45]  Cache-Control:no-cache
817  DEBUG [2014-04-09 21:13:45]  Expires:Thu, 01 Jan 1970 00:00:00 GMT
817  DEBUG [2014-04-09 21:13:45]  Api-Server-IP:10.75.2.83
821  DEBUG [2014-04-09 21:13:45]  {"access_token":"2.00FDVfZF0Pbbpxad3a2ed2b26rmEbE","remind_in":"7796789","expires_in":7796789,"uid":"5107726723"}

